<?xml version="1.0" encoding="UTF-8"?>
<!-- Generated by org.testng.reporters.JUnitXMLReporter -->
<testsuite ignored="0" hostname="ip-172-31-32-149" failures="0" tests="3" name="Default test" time="48.926" errors="0" timestamp="2022-12-23T12:42:21 IST">
  <testcase classname="testcase_suite.UserLoginAndFlightBookingVerification" name="initializeHomePage" time="15.646"/>
  <testcase classname="testcase_suite.UserLoginAndFlightBookingVerification" name="loggingInUser" time="7.767"/>
  <testcase classname="testcase_suite.UserLoginAndFlightBookingVerification" name="xflightBooking" time="25.422"/>
</testsuite> <!-- Default test -->
